<?xml version="1.0" encoding="UTF-8"?>
<!-- Generated by org.testng.reporters.JUnitXMLReporter -->
<testsuite ignored="0" hostname="DESKTOP-RJTB1K6" failures="0" tests="5" name="SCRUM-34 test" time="30.329" errors="0" timestamp="2025-04-15T18:19:19 GMT-05:00">
  <testcase classname="Test.TestSet02" name="try1" time="10.069"/>
  <testcase classname="Test.TestSet02" name="try2" time="6.675"/>
  <testcase classname="Test.TestSet02" name="try3" time="4.91"/>
  <testcase classname="Test.TestSet02" name="try4" time="4.581"/>
  <testcase classname="Test.TestSet02" name="try5" time="3.974"/>
</testsuite> <!-- SCRUM-34 test -->
