<?xml version="1.0" encoding="UTF-8"?>
<!-- Generated by org.testng.reporters.JUnitXMLReporter -->
<testsuite ignored="0" hostname="DESKTOP-RJTB1K6" failures="0" tests="5" name="SCRUM-35 test" time="11.742" errors="0" timestamp="2025-04-15T18:19:00 GMT-05:00">
  <testcase classname="Test.TestSet03" name="try1" time="2.714"/>
  <testcase classname="Test.TestSet03" name="try2" time="1.324"/>
  <testcase classname="Test.TestSet03" name="try3" time="2.784"/>
  <testcase classname="Test.TestSet03" name="try4" time="2.507"/>
  <testcase classname="Test.TestSet03" name="try5" time="2.269"/>
</testsuite> <!-- SCRUM-35 test -->
