<?xml version="1.0" encoding="UTF-8"?>
<!-- Generated by org.testng.reporters.JUnitXMLReporter -->
<testsuite ignored="0" hostname="DESKTOP-RJTB1K6" failures="0" tests="25" name="Test" time="83.469" errors="0" timestamp="2025-05-18T19:59:47 GMT-05:00">
  <testcase classname="Test.MGLoginmain" name="mainLoginPage" time="0.481"/>
  <testcase classname="Test.MGLoginmain" name="mainLoginPage" time="0.421"/>
  <testcase classname="Test.MGLoginmain" name="mainLoginPage" time="0.39"/>
  <testcase classname="Test.MGLoginmain" name="mainLoginPage" time="0.361"/>
  <testcase classname="Test.MGLoginmain" name="mainLoginPage" time="0.349"/>
  <testcase classname="Test.MGLoginmain" name="mainLoginPage" time="0.449"/>
  <testcase classname="Test.MGLoginmain" name="mainLoginPage" time="0.355"/>
  <testcase classname="Test.MGLoginmain" name="mainLoginPage" time="0.364"/>
  <testcase classname="Test.MGLoginmain" name="mainLoginPage" time="0.372"/>
  <testcase classname="Test.MGLoginmain" name="mainLoginPage" time="0.386"/>
  <testcase classname="Test.MGLoginmain" name="mainLoginPage" time="0.405"/>
  <testcase classname="Test.MGLoginmain" name="mainLoginPage" time="0.416"/>
  <testcase classname="Test.MGLoginmain" name="mainLoginPage" time="0.432"/>
  <testcase classname="Test.MGLoginmain" name="mainLoginPage" time="0.413"/>
  <testcase classname="Test.MGLoginmain" name="mainLoginPage" time="0.561"/>
  <testcase classname="Test.MGLoginmain" name="mainLoginPage" time="0.407"/>
  <testcase classname="Test.MGLoginmain" name="mainLoginPage" time="0.395"/>
  <testcase classname="Test.MGLoginmain" name="mainLoginPage" time="0.501"/>
  <testcase classname="Test.MGLoginmain" name="mainLoginPage" time="0.378"/>
  <testcase classname="Test.MGLoginmain" name="mainLoginPage" time="0.337"/>
  <testcase classname="Test.MGLoginmain" name="mainLoginPage" time="0.438"/>
  <testcase classname="Test.MGLoginmain" name="mainLoginPage" time="0.4"/>
  <testcase classname="Test.MGLoginmain" name="mainLoginPage" time="0.528"/>
  <testcase classname="Test.MGLoginmain" name="mainLoginPage" time="0.585"/>
  <testcase classname="Test.MGLoginmain" name="mainLoginPage" time="0.465"/>
</testsuite> <!-- Test -->
