<?xml version="1.0" encoding="UTF-8"?>
<testng-results ignored="0" total="26" passed="25" failed="1" skipped="0">
  <reporter-output>
  </reporter-output>
  <suite started-at="2025-04-14T19:24:01 GMT-05:00" name="Suite" finished-at="2025-04-14T19:24:42 GMT-05:00" duration-ms="41146">
    <groups>
    </groups>
    <test started-at="2025-04-14T19:24:01 GMT-05:00" name="SCRUM-32 test" finished-at="2025-04-14T19:24:42 GMT-05:00" duration-ms="41146">
      <class name="Test.TestSet03">
        <test-method signature="try1()[pri:0, instance:Test.TestSet03@6b0615ae]" started-at="2025-04-14T19:24:27 GMT-05:00" name="try1" finished-at="2025-04-14T19:24:28 GMT-05:00" duration-ms="982" status="PASS">
          <reporter-output>
          </reporter-output>
        </test-method> <!-- try1 -->
        <test-method signature="try2()[pri:0, instance:Test.TestSet03@6b0615ae]" started-at="2025-04-14T19:24:28 GMT-05:00" name="try2" finished-at="2025-04-14T19:24:29 GMT-05:00" duration-ms="1027" status="PASS">
          <reporter-output>
          </reporter-output>
        </test-method> <!-- try2 -->
        <test-method signature="try3()[pri:0, instance:Test.TestSet03@6b0615ae]" started-at="2025-04-14T19:24:29 GMT-05:00" name="try3" finished-at="2025-04-14T19:24:30 GMT-05:00" duration-ms="1035" status="PASS">
          <reporter-output>
          </reporter-output>
        </test-method> <!-- try3 -->
        <test-method signature="try4()[pri:0, instance:Test.TestSet03@6b0615ae]" started-at="2025-04-14T19:24:30 GMT-05:00" name="try4" finished-at="2025-04-14T19:24:31 GMT-05:00" duration-ms="973" status="PASS">
          <reporter-output>
          </reporter-output>
        </test-method> <!-- try4 -->
        <test-method signature="try5()[pri:0, instance:Test.TestSet03@6b0615ae]" started-at="2025-04-14T19:24:31 GMT-05:00" name="try5" finished-at="2025-04-14T19:24:32 GMT-05:00" duration-ms="1068" status="PASS">
          <reporter-output>
          </reporter-output>
        </test-method> <!-- try5 -->
      </class> <!-- Test.TestSet03 -->
      <class name="Test.TestSet02">
        <test-method signature="try1()[pri:0, instance:Test.TestSet02@49c8f6e8]" started-at="2025-04-14T19:24:22 GMT-05:00" name="try1" finished-at="2025-04-14T19:24:23 GMT-05:00" duration-ms="1019" status="PASS">
          <reporter-output>
          </reporter-output>
        </test-method> <!-- try1 -->
        <test-method signature="try2()[pri:0, instance:Test.TestSet02@49c8f6e8]" started-at="2025-04-14T19:24:23 GMT-05:00" name="try2" finished-at="2025-04-14T19:24:24 GMT-05:00" duration-ms="932" status="PASS">
          <reporter-output>
          </reporter-output>
        </test-method> <!-- try2 -->
        <test-method signature="try3()[pri:0, instance:Test.TestSet02@49c8f6e8]" started-at="2025-04-14T19:24:24 GMT-05:00" name="try3" finished-at="2025-04-14T19:24:25 GMT-05:00" duration-ms="1005" status="PASS">
          <reporter-output>
          </reporter-output>
        </test-method> <!-- try3 -->
        <test-method signature="try4()[pri:0, instance:Test.TestSet02@49c8f6e8]" started-at="2025-04-14T19:24:25 GMT-05:00" name="try4" finished-at="2025-04-14T19:24:26 GMT-05:00" duration-ms="966" status="PASS">
          <reporter-output>
          </reporter-output>
        </test-method> <!-- try4 -->
        <test-method signature="try5()[pri:0, instance:Test.TestSet02@49c8f6e8]" started-at="2025-04-14T19:24:26 GMT-05:00" name="try5" finished-at="2025-04-14T19:24:27 GMT-05:00" duration-ms="907" status="PASS">
          <reporter-output>
          </reporter-output>
        </test-method> <!-- try5 -->
      </class> <!-- Test.TestSet02 -->
      <class name="Test.TestSet01">
        <test-method signature="try1()[pri:0, instance:Test.TestSet01@2f98635e]" started-at="2025-04-14T19:24:17 GMT-05:00" name="try1" finished-at="2025-04-14T19:24:18 GMT-05:00" duration-ms="1086" status="PASS">
          <reporter-output>
          </reporter-output>
        </test-method> <!-- try1 -->
        <test-method signature="try2()[pri:0, instance:Test.TestSet01@2f98635e]" started-at="2025-04-14T19:24:18 GMT-05:00" name="try2" finished-at="2025-04-14T19:24:19 GMT-05:00" duration-ms="1049" status="PASS">
          <reporter-output>
          </reporter-output>
        </test-method> <!-- try2 -->
        <test-method signature="try3()[pri:0, instance:Test.TestSet01@2f98635e]" started-at="2025-04-14T19:24:19 GMT-05:00" name="try3" finished-at="2025-04-14T19:24:20 GMT-05:00" duration-ms="1035" status="PASS">
          <reporter-output>
          </reporter-output>
        </test-method> <!-- try3 -->
        <test-method signature="try4()[pri:0, instance:Test.TestSet01@2f98635e]" started-at="2025-04-14T19:24:20 GMT-05:00" name="try4" finished-at="2025-04-14T19:24:21 GMT-05:00" duration-ms="1017" status="PASS">
          <reporter-output>
          </reporter-output>
        </test-method> <!-- try4 -->
        <test-method signature="try5()[pri:0, instance:Test.TestSet01@2f98635e]" started-at="2025-04-14T19:24:21 GMT-05:00" name="try5" finished-at="2025-04-14T19:24:22 GMT-05:00" duration-ms="1040" status="PASS">
          <reporter-output>
          </reporter-output>
        </test-method> <!-- try5 -->
      </class> <!-- Test.TestSet01 -->
      <class name="Test.TestSet05_rerun">
        <test-method signature="try1()[pri:0, instance:Test.TestSet05_rerun@221dad51]" started-at="2025-04-14T19:24:37 GMT-05:00" name="try1" finished-at="2025-04-14T19:24:38 GMT-05:00" duration-ms="1007" status="PASS">
          <reporter-output>
          </reporter-output>
        </test-method> <!-- try1 -->
        <test-method signature="try2()[pri:0, instance:Test.TestSet05_rerun@221dad51]" started-at="2025-04-14T19:24:38 GMT-05:00" name="try2" finished-at="2025-04-14T19:24:39 GMT-05:00" duration-ms="1005" status="PASS">
          <reporter-output>
          </reporter-output>
        </test-method> <!-- try2 -->
        <test-method signature="try3()[pri:0, instance:Test.TestSet05_rerun@221dad51]" started-at="2025-04-14T19:24:39 GMT-05:00" name="try3" finished-at="2025-04-14T19:24:40 GMT-05:00" duration-ms="1003" status="PASS">
          <reporter-output>
          </reporter-output>
        </test-method> <!-- try3 -->
        <test-method signature="try4()[pri:0, instance:Test.TestSet05_rerun@221dad51]" started-at="2025-04-14T19:24:40 GMT-05:00" name="try4" finished-at="2025-04-14T19:24:41 GMT-05:00" duration-ms="960" status="PASS">
          <reporter-output>
          </reporter-output>
        </test-method> <!-- try4 -->
        <test-method signature="try5()[pri:0, instance:Test.TestSet05_rerun@221dad51]" started-at="2025-04-14T19:24:41 GMT-05:00" name="try5" finished-at="2025-04-14T19:24:42 GMT-05:00" duration-ms="988" status="PASS">
          <reporter-output>
          </reporter-output>
        </test-method> <!-- try5 -->
      </class> <!-- Test.TestSet05_rerun -->
      <class name="Test.TestSet04">
        <test-method signature="try1()[pri:0, instance:Test.TestSet04@4e73b552]" started-at="2025-04-14T19:24:32 GMT-05:00" name="try1" finished-at="2025-04-14T19:24:33 GMT-05:00" duration-ms="1037" status="PASS">
          <reporter-output>
          </reporter-output>
        </test-method> <!-- try1 -->
        <test-method signature="try2()[pri:0, instance:Test.TestSet04@4e73b552]" started-at="2025-04-14T19:24:33 GMT-05:00" name="try2" finished-at="2025-04-14T19:24:34 GMT-05:00" duration-ms="1056" status="PASS">
          <reporter-output>
          </reporter-output>
        </test-method> <!-- try2 -->
        <test-method signature="try3()[pri:0, instance:Test.TestSet04@4e73b552]" started-at="2025-04-14T19:24:34 GMT-05:00" name="try3" finished-at="2025-04-14T19:24:35 GMT-05:00" duration-ms="939" status="PASS">
          <reporter-output>
          </reporter-output>
        </test-method> <!-- try3 -->
        <test-method signature="try4()[pri:0, instance:Test.TestSet04@4e73b552]" started-at="2025-04-14T19:24:35 GMT-05:00" name="try4" finished-at="2025-04-14T19:24:36 GMT-05:00" duration-ms="1027" status="PASS">
          <reporter-output>
          </reporter-output>
        </test-method> <!-- try4 -->
        <test-method signature="try5()[pri:0, instance:Test.TestSet04@4e73b552]" started-at="2025-04-14T19:24:36 GMT-05:00" name="try5" finished-at="2025-04-14T19:24:37 GMT-05:00" duration-ms="1019" status="PASS">
          <reporter-output>
          </reporter-output>
        </test-method> <!-- try5 -->
      </class> <!-- Test.TestSet04 -->
      <class name="Test.LoginTest">
        <test-method is-config="true" signature="inialsetup(java.lang.String)[pri:0, instance:Test.LoginTest@11ebb1b6]" started-at="2025-04-14T19:24:01 GMT-05:00" name="inialsetup" finished-at="2025-04-14T19:24:03 GMT-05:00" duration-ms="1479" status="PASS">
          <params>
            <param index="0">
              <value>
                <![CDATA[chrome]]>
              </value>
            </param>
          </params>
          <reporter-output>
          </reporter-output>
        </test-method> <!-- inialsetup -->
        <test-method signature="AddtocartPage()[pri:0, instance:Test.LoginTest@11ebb1b6]" started-at="2025-04-14T19:24:03 GMT-05:00" name="AddtocartPage" finished-at="2025-04-14T19:24:16 GMT-05:00" duration-ms="12857" status="FAIL">
          <exception class="org.openqa.selenium.ElementNotInteractableException">
            <message>
              <![CDATA[element not interactable
  (Session info: chrome=135.0.7049.85)
Build info: version: '4.30.0', revision: '509c7f17cc*'
System info: os.name: 'Windows 11', os.arch: 'amd64', os.version: '10.0', java.version: '23.0.1'
Driver info: org.openqa.selenium.chrome.ChromeDriver
Command: [b046877c01fbc344e312c599f0b21533, clickElement {id=f.BFFC3651110E759686A3BCA8DA398E9A.d.F9F2A40FF528E7544198750C819144DB.e.101}]
Capabilities {acceptInsecureCerts: false, browserName: chrome, browserVersion: 135.0.7049.85, chrome: {chromedriverVersion: 135.0.7049.84 (6c019e560019..., userDataDir: C:\Users\Mohit\AppData\Loca...}, fedcm:accounts: true, goog:chromeOptions: {debuggerAddress: localhost:57075}, networkConnectionEnabled: false, pageLoadStrategy: normal, platformName: windows, proxy: Proxy(), se:cdp: ws://localhost:57075/devtoo..., se:cdpVersion: 135.0.7049.85, setWindowRect: true, strictFileInteractability: false, timeouts: {implicit: 0, pageLoad: 300000, script: 30000}, unhandledPromptBehavior: dismiss and notify, webauthn:extension:credBlob: true, webauthn:extension:largeBlob: true, webauthn:extension:minPinLength: true, webauthn:extension:prf: true, webauthn:virtualAuthenticators: true}
Element: [[ChromeDriver: chrome on windows (b046877c01fbc344e312c599f0b21533)] -> xpath: (//img[@title='Show details for Blue Jeans'])[1]]
Session ID: b046877c01fbc344e312c599f0b21533]]>
            </message>
            <full-stacktrace>
              <![CDATA[org.openqa.selenium.ElementNotInteractableException: element not interactable
  (Session info: chrome=135.0.7049.85)
Build info: version: '4.30.0', revision: '509c7f17cc*'
System info: os.name: 'Windows 11', os.arch: 'amd64', os.version: '10.0', java.version: '23.0.1'
Driver info: org.openqa.selenium.chrome.ChromeDriver
Command: [b046877c01fbc344e312c599f0b21533, clickElement {id=f.BFFC3651110E759686A3BCA8DA398E9A.d.F9F2A40FF528E7544198750C819144DB.e.101}]
Capabilities {acceptInsecureCerts: false, browserName: chrome, browserVersion: 135.0.7049.85, chrome: {chromedriverVersion: 135.0.7049.84 (6c019e560019..., userDataDir: C:\Users\Mohit\AppData\Loca...}, fedcm:accounts: true, goog:chromeOptions: {debuggerAddress: localhost:57075}, networkConnectionEnabled: false, pageLoadStrategy: normal, platformName: windows, proxy: Proxy(), se:cdp: ws://localhost:57075/devtoo..., se:cdpVersion: 135.0.7049.85, setWindowRect: true, strictFileInteractability: false, timeouts: {implicit: 0, pageLoad: 300000, script: 30000}, unhandledPromptBehavior: dismiss and notify, webauthn:extension:credBlob: true, webauthn:extension:largeBlob: true, webauthn:extension:minPinLength: true, webauthn:extension:prf: true, webauthn:virtualAuthenticators: true}
Element: [[ChromeDriver: chrome on windows (b046877c01fbc344e312c599f0b21533)] -> xpath: (//img[@title='Show details for Blue Jeans'])[1]]
Session ID: b046877c01fbc344e312c599f0b21533
at java.base/jdk.internal.reflect.DirectConstructorHandleAccessor.newInstance(DirectConstructorHandleAccessor.java:62)
at java.base/java.lang.reflect.Constructor.newInstanceWithCaller(Constructor.java:501)
at java.base/java.lang.reflect.Constructor.newInstance(Constructor.java:485)
at org.openqa.selenium.remote.ErrorCodec.decode(ErrorCodec.java:167)
at org.openqa.selenium.remote.codec.w3c.W3CHttpResponseCodec.decode(W3CHttpResponseCodec.java:138)
at org.openqa.selenium.remote.codec.w3c.W3CHttpResponseCodec.decode(W3CHttpResponseCodec.java:50)
at org.openqa.selenium.remote.HttpCommandExecutor.execute(HttpCommandExecutor.java:215)
at org.openqa.selenium.remote.service.DriverCommandExecutor.invokeExecute(DriverCommandExecutor.java:216)
at org.openqa.selenium.remote.service.DriverCommandExecutor.execute(DriverCommandExecutor.java:174)
at org.openqa.selenium.remote.RemoteWebDriver.execute(RemoteWebDriver.java:545)
at org.openqa.selenium.remote.RemoteWebElement.execute(RemoteWebElement.java:223)
at org.openqa.selenium.remote.RemoteWebElement.click(RemoteWebElement.java:76)
at Test.LoginTest.AddtocartPage(LoginTest.java:122)
at java.base/jdk.internal.reflect.DirectMethodHandleAccessor.invoke(DirectMethodHandleAccessor.java:103)
at java.base/java.lang.reflect.Method.invoke(Method.java:580)
at org.testng.internal.invokers.MethodInvocationHelper.invokeMethod(MethodInvocationHelper.java:141)
at org.testng.internal.invokers.TestInvoker.invokeMethod(TestInvoker.java:686)
at org.testng.internal.invokers.TestInvoker.invokeTestMethod(TestInvoker.java:230)
at org.testng.internal.invokers.MethodRunner.runInSequence(MethodRunner.java:63)
at org.testng.internal.invokers.TestInvoker$MethodInvocationAgent.invoke(TestInvoker.java:992)
at org.testng.internal.invokers.TestInvoker.invokeTestMethods(TestInvoker.java:203)
at org.testng.internal.invokers.TestMethodWorker.invokeTestMethods(TestMethodWorker.java:154)
at org.testng.internal.invokers.TestMethodWorker.run(TestMethodWorker.java:134)
at java.base/java.util.ArrayList.forEach(ArrayList.java:1597)
at org.testng.TestRunner.privateRun(TestRunner.java:739)
at org.testng.TestRunner.run(TestRunner.java:614)
at org.testng.SuiteRunner.runTest(SuiteRunner.java:421)
at org.testng.SuiteRunner.runSequentially(SuiteRunner.java:413)
at org.testng.SuiteRunner.privateRun(SuiteRunner.java:373)
at org.testng.SuiteRunner.run(SuiteRunner.java:312)
at org.testng.SuiteRunnerWorker.runSuite(SuiteRunnerWorker.java:52)
at org.testng.SuiteRunnerWorker.run(SuiteRunnerWorker.java:95)
at org.testng.TestNG.runSuitesSequentially(TestNG.java:1274)
at org.testng.TestNG.runSuitesLocally(TestNG.java:1208)
at org.testng.TestNG.runSuites(TestNG.java:1112)
at org.testng.TestNG.run(TestNG.java:1079)
at org.apache.maven.surefire.testng.TestNGExecutor.run(TestNGExecutor.java:308)
at org.apache.maven.surefire.testng.TestNGXmlTestSuite.execute(TestNGXmlTestSuite.java:71)
at org.apache.maven.surefire.testng.TestNGProvider.invoke(TestNGProvider.java:113)
at org.apache.maven.surefire.booter.ForkedBooter.runSuitesInProcess(ForkedBooter.java:385)
at org.apache.maven.surefire.booter.ForkedBooter.execute(ForkedBooter.java:162)
at org.apache.maven.surefire.booter.ForkedBooter.run(ForkedBooter.java:507)
at org.apache.maven.surefire.booter.ForkedBooter.main(ForkedBooter.java:495)
]]>
            </full-stacktrace>
          </exception> <!-- org.openqa.selenium.ElementNotInteractableException -->
          <reporter-output>
          </reporter-output>
        </test-method> <!-- AddtocartPage -->
        <test-method is-config="true" signature="tearDown()[pri:0, instance:Test.LoginTest@11ebb1b6]" started-at="2025-04-14T19:24:16 GMT-05:00" name="tearDown" finished-at="2025-04-14T19:24:17 GMT-05:00" duration-ms="1129" status="PASS">
          <reporter-output>
          </reporter-output>
        </test-method> <!-- tearDown -->
      </class> <!-- Test.LoginTest -->
    </test> <!-- SCRUM-32 test -->
  </suite> <!-- Suite -->
</testng-results>
