<?xml version="1.0" encoding="UTF-8"?>
<testng-results ignored="0" total="3" passed="3" failed="0" skipped="0">
  <reporter-output>
  </reporter-output>
  <suite started-at="2025-02-06T14:43:29 GMT-06:00" name="Suite" finished-at="2025-02-06T14:43:51 GMT-06:00" duration-ms="22240">
    <groups>
    </groups>
    <test started-at="2025-02-06T14:43:29 GMT-06:00" name="Test" finished-at="2025-02-06T14:43:51 GMT-06:00" duration-ms="22240">
      <class name="Sample1OM">
        <test-method signature="login()[pri:1, instance:Sample1OM@28eaa59a]" started-at="2025-02-06T14:43:29 GMT-06:00" name="login" finished-at="2025-02-06T14:43:35 GMT-06:00" duration-ms="5695" status="PASS">
          <reporter-output>
          </reporter-output>
        </test-method> <!-- login -->
        <test-method signature="messageonly()[pri:2, instance:Sample1OM@28eaa59a]" started-at="2025-02-06T14:43:35 GMT-06:00" name="messageonly" finished-at="2025-02-06T14:43:46 GMT-06:00" duration-ms="11297" status="PASS">
          <reporter-output>
          </reporter-output>
        </test-method> <!-- messageonly -->
      </class> <!-- Sample1OM -->
      <class name="Sample2OM">
        <test-method signature="googlesearch()[pri:0, instance:Sample2OM@130161f7]" started-at="2025-02-06T14:43:46 GMT-06:00" name="googlesearch" finished-at="2025-02-06T14:43:51 GMT-06:00" duration-ms="5216" status="PASS">
          <reporter-output>
          </reporter-output>
        </test-method> <!-- googlesearch -->
      </class> <!-- Sample2OM -->
    </test> <!-- Test -->
  </suite> <!-- Suite -->
</testng-results>
