<?xml version="1.0" encoding="UTF-8"?>
<testng-results ignored="0" total="25" passed="25" failed="0" skipped="0">
  <reporter-output>
  </reporter-output>
  <suite started-at="2025-05-18T19:58:23 GMT-05:00" name="Suite" finished-at="2025-05-18T19:59:47 GMT-05:00" duration-ms="83469">
    <groups>
    </groups>
    <test started-at="2025-05-18T19:58:23 GMT-05:00" name="Test" finished-at="2025-05-18T19:59:47 GMT-05:00" duration-ms="83469">
      <class name="Test.MGLoginmain">
        <test-method is-config="true" signature="driverfile(java.lang.String)[pri:0, instance:Test.MGLoginmain@2098d37d]" started-at="2025-05-18T19:58:23 GMT-05:00" name="driverfile" finished-at="2025-05-18T19:58:27 GMT-05:00" duration-ms="3731" status="PASS">
          <params>
            <param index="0">
              <value>
                <![CDATA[edge]]>
              </value>
            </param>
          </params>
          <reporter-output>
          </reporter-output>
        </test-method> <!-- driverfile -->
        <test-method signature="mainLoginPage()[pri:0, instance:Test.MGLoginmain@2098d37d]" started-at="2025-05-18T19:58:27 GMT-05:00" name="mainLoginPage" finished-at="2025-05-18T19:58:28 GMT-05:00" duration-ms="481" status="PASS">
          <reporter-output>
          </reporter-output>
        </test-method> <!-- mainLoginPage -->
        <test-method is-config="true" signature="driverfile(java.lang.String)[pri:0, instance:Test.MGLoginmain@2098d37d]" started-at="2025-05-18T19:58:28 GMT-05:00" name="driverfile" finished-at="2025-05-18T19:58:30 GMT-05:00" duration-ms="2822" status="PASS">
          <params>
            <param index="0">
              <value>
                <![CDATA[edge]]>
              </value>
            </param>
          </params>
          <reporter-output>
          </reporter-output>
        </test-method> <!-- driverfile -->
        <test-method signature="mainLoginPage()[pri:0, instance:Test.MGLoginmain@2098d37d]" started-at="2025-05-18T19:58:30 GMT-05:00" name="mainLoginPage" finished-at="2025-05-18T19:58:31 GMT-05:00" duration-ms="421" status="PASS">
          <reporter-output>
          </reporter-output>
        </test-method> <!-- mainLoginPage -->
        <test-method is-config="true" signature="driverfile(java.lang.String)[pri:0, instance:Test.MGLoginmain@2098d37d]" started-at="2025-05-18T19:58:31 GMT-05:00" name="driverfile" finished-at="2025-05-18T19:58:34 GMT-05:00" duration-ms="2821" status="PASS">
          <params>
            <param index="0">
              <value>
                <![CDATA[edge]]>
              </value>
            </param>
          </params>
          <reporter-output>
          </reporter-output>
        </test-method> <!-- driverfile -->
        <test-method signature="mainLoginPage()[pri:0, instance:Test.MGLoginmain@2098d37d]" started-at="2025-05-18T19:58:34 GMT-05:00" name="mainLoginPage" finished-at="2025-05-18T19:58:34 GMT-05:00" duration-ms="390" status="PASS">
          <reporter-output>
          </reporter-output>
        </test-method> <!-- mainLoginPage -->
        <test-method is-config="true" signature="driverfile(java.lang.String)[pri:0, instance:Test.MGLoginmain@2098d37d]" started-at="2025-05-18T19:58:34 GMT-05:00" name="driverfile" finished-at="2025-05-18T19:58:37 GMT-05:00" duration-ms="2834" status="PASS">
          <params>
            <param index="0">
              <value>
                <![CDATA[edge]]>
              </value>
            </param>
          </params>
          <reporter-output>
          </reporter-output>
        </test-method> <!-- driverfile -->
        <test-method signature="mainLoginPage()[pri:0, instance:Test.MGLoginmain@2098d37d]" started-at="2025-05-18T19:58:37 GMT-05:00" name="mainLoginPage" finished-at="2025-05-18T19:58:37 GMT-05:00" duration-ms="361" status="PASS">
          <reporter-output>
          </reporter-output>
        </test-method> <!-- mainLoginPage -->
        <test-method is-config="true" signature="driverfile(java.lang.String)[pri:0, instance:Test.MGLoginmain@2098d37d]" started-at="2025-05-18T19:58:37 GMT-05:00" name="driverfile" finished-at="2025-05-18T19:58:40 GMT-05:00" duration-ms="2779" status="PASS">
          <params>
            <param index="0">
              <value>
                <![CDATA[edge]]>
              </value>
            </param>
          </params>
          <reporter-output>
          </reporter-output>
        </test-method> <!-- driverfile -->
        <test-method signature="mainLoginPage()[pri:0, instance:Test.MGLoginmain@2098d37d]" started-at="2025-05-18T19:58:40 GMT-05:00" name="mainLoginPage" finished-at="2025-05-18T19:58:40 GMT-05:00" duration-ms="349" status="PASS">
          <reporter-output>
          </reporter-output>
        </test-method> <!-- mainLoginPage -->
        <test-method is-config="true" signature="driverfile(java.lang.String)[pri:0, instance:Test.MGLoginmain@2098d37d]" started-at="2025-05-18T19:58:40 GMT-05:00" name="driverfile" finished-at="2025-05-18T19:58:43 GMT-05:00" duration-ms="2779" status="PASS">
          <params>
            <param index="0">
              <value>
                <![CDATA[edge]]>
              </value>
            </param>
          </params>
          <reporter-output>
          </reporter-output>
        </test-method> <!-- driverfile -->
        <test-method signature="mainLoginPage()[pri:0, instance:Test.MGLoginmain@2098d37d]" started-at="2025-05-18T19:58:43 GMT-05:00" name="mainLoginPage" finished-at="2025-05-18T19:58:44 GMT-05:00" duration-ms="449" status="PASS">
          <reporter-output>
          </reporter-output>
        </test-method> <!-- mainLoginPage -->
        <test-method is-config="true" signature="driverfile(java.lang.String)[pri:0, instance:Test.MGLoginmain@2098d37d]" started-at="2025-05-18T19:58:44 GMT-05:00" name="driverfile" finished-at="2025-05-18T19:58:46 GMT-05:00" duration-ms="2715" status="PASS">
          <params>
            <param index="0">
              <value>
                <![CDATA[edge]]>
              </value>
            </param>
          </params>
          <reporter-output>
          </reporter-output>
        </test-method> <!-- driverfile -->
        <test-method signature="mainLoginPage()[pri:0, instance:Test.MGLoginmain@2098d37d]" started-at="2025-05-18T19:58:46 GMT-05:00" name="mainLoginPage" finished-at="2025-05-18T19:58:47 GMT-05:00" duration-ms="355" status="PASS">
          <reporter-output>
          </reporter-output>
        </test-method> <!-- mainLoginPage -->
        <test-method is-config="true" signature="driverfile(java.lang.String)[pri:0, instance:Test.MGLoginmain@2098d37d]" started-at="2025-05-18T19:58:47 GMT-05:00" name="driverfile" finished-at="2025-05-18T19:58:50 GMT-05:00" duration-ms="2815" status="PASS">
          <params>
            <param index="0">
              <value>
                <![CDATA[edge]]>
              </value>
            </param>
          </params>
          <reporter-output>
          </reporter-output>
        </test-method> <!-- driverfile -->
        <test-method signature="mainLoginPage()[pri:0, instance:Test.MGLoginmain@2098d37d]" started-at="2025-05-18T19:58:50 GMT-05:00" name="mainLoginPage" finished-at="2025-05-18T19:58:50 GMT-05:00" duration-ms="364" status="PASS">
          <reporter-output>
          </reporter-output>
        </test-method> <!-- mainLoginPage -->
        <test-method is-config="true" signature="driverfile(java.lang.String)[pri:0, instance:Test.MGLoginmain@2098d37d]" started-at="2025-05-18T19:58:50 GMT-05:00" name="driverfile" finished-at="2025-05-18T19:58:53 GMT-05:00" duration-ms="2812" status="PASS">
          <params>
            <param index="0">
              <value>
                <![CDATA[edge]]>
              </value>
            </param>
          </params>
          <reporter-output>
          </reporter-output>
        </test-method> <!-- driverfile -->
        <test-method signature="mainLoginPage()[pri:0, instance:Test.MGLoginmain@2098d37d]" started-at="2025-05-18T19:58:53 GMT-05:00" name="mainLoginPage" finished-at="2025-05-18T19:58:53 GMT-05:00" duration-ms="372" status="PASS">
          <reporter-output>
          </reporter-output>
        </test-method> <!-- mainLoginPage -->
        <test-method is-config="true" signature="driverfile(java.lang.String)[pri:0, instance:Test.MGLoginmain@2098d37d]" started-at="2025-05-18T19:58:53 GMT-05:00" name="driverfile" finished-at="2025-05-18T19:58:56 GMT-05:00" duration-ms="2729" status="PASS">
          <params>
            <param index="0">
              <value>
                <![CDATA[edge]]>
              </value>
            </param>
          </params>
          <reporter-output>
          </reporter-output>
        </test-method> <!-- driverfile -->
        <test-method signature="mainLoginPage()[pri:0, instance:Test.MGLoginmain@2098d37d]" started-at="2025-05-18T19:58:56 GMT-05:00" name="mainLoginPage" finished-at="2025-05-18T19:58:56 GMT-05:00" duration-ms="386" status="PASS">
          <reporter-output>
          </reporter-output>
        </test-method> <!-- mainLoginPage -->
        <test-method is-config="true" signature="driverfile(java.lang.String)[pri:0, instance:Test.MGLoginmain@2098d37d]" started-at="2025-05-18T19:58:56 GMT-05:00" name="driverfile" finished-at="2025-05-18T19:58:59 GMT-05:00" duration-ms="2728" status="PASS">
          <params>
            <param index="0">
              <value>
                <![CDATA[edge]]>
              </value>
            </param>
          </params>
          <reporter-output>
          </reporter-output>
        </test-method> <!-- driverfile -->
        <test-method signature="mainLoginPage()[pri:0, instance:Test.MGLoginmain@2098d37d]" started-at="2025-05-18T19:58:59 GMT-05:00" name="mainLoginPage" finished-at="2025-05-18T19:58:59 GMT-05:00" duration-ms="405" status="PASS">
          <reporter-output>
          </reporter-output>
        </test-method> <!-- mainLoginPage -->
        <test-method is-config="true" signature="driverfile(java.lang.String)[pri:0, instance:Test.MGLoginmain@2098d37d]" started-at="2025-05-18T19:58:59 GMT-05:00" name="driverfile" finished-at="2025-05-18T19:59:02 GMT-05:00" duration-ms="2749" status="PASS">
          <params>
            <param index="0">
              <value>
                <![CDATA[edge]]>
              </value>
            </param>
          </params>
          <reporter-output>
          </reporter-output>
        </test-method> <!-- driverfile -->
        <test-method signature="mainLoginPage()[pri:0, instance:Test.MGLoginmain@2098d37d]" started-at="2025-05-18T19:59:02 GMT-05:00" name="mainLoginPage" finished-at="2025-05-18T19:59:03 GMT-05:00" duration-ms="416" status="PASS">
          <reporter-output>
          </reporter-output>
        </test-method> <!-- mainLoginPage -->
        <test-method is-config="true" signature="driverfile(java.lang.String)[pri:0, instance:Test.MGLoginmain@2098d37d]" started-at="2025-05-18T19:59:03 GMT-05:00" name="driverfile" finished-at="2025-05-18T19:59:05 GMT-05:00" duration-ms="2863" status="PASS">
          <params>
            <param index="0">
              <value>
                <![CDATA[edge]]>
              </value>
            </param>
          </params>
          <reporter-output>
          </reporter-output>
        </test-method> <!-- driverfile -->
        <test-method signature="mainLoginPage()[pri:0, instance:Test.MGLoginmain@2098d37d]" started-at="2025-05-18T19:59:05 GMT-05:00" name="mainLoginPage" finished-at="2025-05-18T19:59:06 GMT-05:00" duration-ms="432" status="PASS">
          <reporter-output>
          </reporter-output>
        </test-method> <!-- mainLoginPage -->
        <test-method is-config="true" signature="driverfile(java.lang.String)[pri:0, instance:Test.MGLoginmain@2098d37d]" started-at="2025-05-18T19:59:06 GMT-05:00" name="driverfile" finished-at="2025-05-18T19:59:09 GMT-05:00" duration-ms="2779" status="PASS">
          <params>
            <param index="0">
              <value>
                <![CDATA[edge]]>
              </value>
            </param>
          </params>
          <reporter-output>
          </reporter-output>
        </test-method> <!-- driverfile -->
        <test-method signature="mainLoginPage()[pri:0, instance:Test.MGLoginmain@2098d37d]" started-at="2025-05-18T19:59:09 GMT-05:00" name="mainLoginPage" finished-at="2025-05-18T19:59:09 GMT-05:00" duration-ms="413" status="PASS">
          <reporter-output>
          </reporter-output>
        </test-method> <!-- mainLoginPage -->
        <test-method is-config="true" signature="driverfile(java.lang.String)[pri:0, instance:Test.MGLoginmain@2098d37d]" started-at="2025-05-18T19:59:09 GMT-05:00" name="driverfile" finished-at="2025-05-18T19:59:12 GMT-05:00" duration-ms="2782" status="PASS">
          <params>
            <param index="0">
              <value>
                <![CDATA[edge]]>
              </value>
            </param>
          </params>
          <reporter-output>
          </reporter-output>
        </test-method> <!-- driverfile -->
        <test-method signature="mainLoginPage()[pri:0, instance:Test.MGLoginmain@2098d37d]" started-at="2025-05-18T19:59:12 GMT-05:00" name="mainLoginPage" finished-at="2025-05-18T19:59:12 GMT-05:00" duration-ms="561" status="PASS">
          <reporter-output>
          </reporter-output>
        </test-method> <!-- mainLoginPage -->
        <test-method is-config="true" signature="driverfile(java.lang.String)[pri:0, instance:Test.MGLoginmain@2098d37d]" started-at="2025-05-18T19:59:12 GMT-05:00" name="driverfile" finished-at="2025-05-18T19:59:15 GMT-05:00" duration-ms="2993" status="PASS">
          <params>
            <param index="0">
              <value>
                <![CDATA[edge]]>
              </value>
            </param>
          </params>
          <reporter-output>
          </reporter-output>
        </test-method> <!-- driverfile -->
        <test-method signature="mainLoginPage()[pri:0, instance:Test.MGLoginmain@2098d37d]" started-at="2025-05-18T19:59:15 GMT-05:00" name="mainLoginPage" finished-at="2025-05-18T19:59:16 GMT-05:00" duration-ms="407" status="PASS">
          <reporter-output>
          </reporter-output>
        </test-method> <!-- mainLoginPage -->
        <test-method is-config="true" signature="driverfile(java.lang.String)[pri:0, instance:Test.MGLoginmain@2098d37d]" started-at="2025-05-18T19:59:16 GMT-05:00" name="driverfile" finished-at="2025-05-18T19:59:19 GMT-05:00" duration-ms="2797" status="PASS">
          <params>
            <param index="0">
              <value>
                <![CDATA[edge]]>
              </value>
            </param>
          </params>
          <reporter-output>
          </reporter-output>
        </test-method> <!-- driverfile -->
        <test-method signature="mainLoginPage()[pri:0, instance:Test.MGLoginmain@2098d37d]" started-at="2025-05-18T19:59:19 GMT-05:00" name="mainLoginPage" finished-at="2025-05-18T19:59:19 GMT-05:00" duration-ms="395" status="PASS">
          <reporter-output>
          </reporter-output>
        </test-method> <!-- mainLoginPage -->
        <test-method is-config="true" signature="driverfile(java.lang.String)[pri:0, instance:Test.MGLoginmain@2098d37d]" started-at="2025-05-18T19:59:19 GMT-05:00" name="driverfile" finished-at="2025-05-18T19:59:22 GMT-05:00" duration-ms="3001" status="PASS">
          <params>
            <param index="0">
              <value>
                <![CDATA[edge]]>
              </value>
            </param>
          </params>
          <reporter-output>
          </reporter-output>
        </test-method> <!-- driverfile -->
        <test-method signature="mainLoginPage()[pri:0, instance:Test.MGLoginmain@2098d37d]" started-at="2025-05-18T19:59:22 GMT-05:00" name="mainLoginPage" finished-at="2025-05-18T19:59:23 GMT-05:00" duration-ms="501" status="PASS">
          <reporter-output>
          </reporter-output>
        </test-method> <!-- mainLoginPage -->
        <test-method is-config="true" signature="driverfile(java.lang.String)[pri:0, instance:Test.MGLoginmain@2098d37d]" started-at="2025-05-18T19:59:23 GMT-05:00" name="driverfile" finished-at="2025-05-18T19:59:25 GMT-05:00" duration-ms="2884" status="PASS">
          <params>
            <param index="0">
              <value>
                <![CDATA[edge]]>
              </value>
            </param>
          </params>
          <reporter-output>
          </reporter-output>
        </test-method> <!-- driverfile -->
        <test-method signature="mainLoginPage()[pri:0, instance:Test.MGLoginmain@2098d37d]" started-at="2025-05-18T19:59:25 GMT-05:00" name="mainLoginPage" finished-at="2025-05-18T19:59:26 GMT-05:00" duration-ms="378" status="PASS">
          <reporter-output>
          </reporter-output>
        </test-method> <!-- mainLoginPage -->
        <test-method is-config="true" signature="driverfile(java.lang.String)[pri:0, instance:Test.MGLoginmain@2098d37d]" started-at="2025-05-18T19:59:26 GMT-05:00" name="driverfile" finished-at="2025-05-18T19:59:29 GMT-05:00" duration-ms="2921" status="PASS">
          <params>
            <param index="0">
              <value>
                <![CDATA[edge]]>
              </value>
            </param>
          </params>
          <reporter-output>
          </reporter-output>
        </test-method> <!-- driverfile -->
        <test-method signature="mainLoginPage()[pri:0, instance:Test.MGLoginmain@2098d37d]" started-at="2025-05-18T19:59:29 GMT-05:00" name="mainLoginPage" finished-at="2025-05-18T19:59:29 GMT-05:00" duration-ms="337" status="PASS">
          <reporter-output>
          </reporter-output>
        </test-method> <!-- mainLoginPage -->
        <test-method is-config="true" signature="driverfile(java.lang.String)[pri:0, instance:Test.MGLoginmain@2098d37d]" started-at="2025-05-18T19:59:29 GMT-05:00" name="driverfile" finished-at="2025-05-18T19:59:32 GMT-05:00" duration-ms="2895" status="PASS">
          <params>
            <param index="0">
              <value>
                <![CDATA[edge]]>
              </value>
            </param>
          </params>
          <reporter-output>
          </reporter-output>
        </test-method> <!-- driverfile -->
        <test-method signature="mainLoginPage()[pri:0, instance:Test.MGLoginmain@2098d37d]" started-at="2025-05-18T19:59:32 GMT-05:00" name="mainLoginPage" finished-at="2025-05-18T19:59:32 GMT-05:00" duration-ms="438" status="PASS">
          <reporter-output>
          </reporter-output>
        </test-method> <!-- mainLoginPage -->
        <test-method is-config="true" signature="driverfile(java.lang.String)[pri:0, instance:Test.MGLoginmain@2098d37d]" started-at="2025-05-18T19:59:32 GMT-05:00" name="driverfile" finished-at="2025-05-18T19:59:35 GMT-05:00" duration-ms="2763" status="PASS">
          <params>
            <param index="0">
              <value>
                <![CDATA[edge]]>
              </value>
            </param>
          </params>
          <reporter-output>
          </reporter-output>
        </test-method> <!-- driverfile -->
        <test-method signature="mainLoginPage()[pri:0, instance:Test.MGLoginmain@2098d37d]" started-at="2025-05-18T19:59:35 GMT-05:00" name="mainLoginPage" finished-at="2025-05-18T19:59:36 GMT-05:00" duration-ms="400" status="PASS">
          <reporter-output>
          </reporter-output>
        </test-method> <!-- mainLoginPage -->
        <test-method is-config="true" signature="driverfile(java.lang.String)[pri:0, instance:Test.MGLoginmain@2098d37d]" started-at="2025-05-18T19:59:36 GMT-05:00" name="driverfile" finished-at="2025-05-18T19:59:39 GMT-05:00" duration-ms="2884" status="PASS">
          <params>
            <param index="0">
              <value>
                <![CDATA[edge]]>
              </value>
            </param>
          </params>
          <reporter-output>
          </reporter-output>
        </test-method> <!-- driverfile -->
        <test-method signature="mainLoginPage()[pri:0, instance:Test.MGLoginmain@2098d37d]" started-at="2025-05-18T19:59:39 GMT-05:00" name="mainLoginPage" finished-at="2025-05-18T19:59:39 GMT-05:00" duration-ms="528" status="PASS">
          <reporter-output>
          </reporter-output>
        </test-method> <!-- mainLoginPage -->
        <test-method is-config="true" signature="driverfile(java.lang.String)[pri:0, instance:Test.MGLoginmain@2098d37d]" started-at="2025-05-18T19:59:39 GMT-05:00" name="driverfile" finished-at="2025-05-18T19:59:42 GMT-05:00" duration-ms="3104" status="PASS">
          <params>
            <param index="0">
              <value>
                <![CDATA[edge]]>
              </value>
            </param>
          </params>
          <reporter-output>
          </reporter-output>
        </test-method> <!-- driverfile -->
        <test-method signature="mainLoginPage()[pri:0, instance:Test.MGLoginmain@2098d37d]" started-at="2025-05-18T19:59:42 GMT-05:00" name="mainLoginPage" finished-at="2025-05-18T19:59:43 GMT-05:00" duration-ms="585" status="PASS">
          <reporter-output>
          </reporter-output>
        </test-method> <!-- mainLoginPage -->
        <test-method is-config="true" signature="driverfile(java.lang.String)[pri:0, instance:Test.MGLoginmain@2098d37d]" started-at="2025-05-18T19:59:43 GMT-05:00" name="driverfile" finished-at="2025-05-18T19:59:46 GMT-05:00" duration-ms="3393" status="PASS">
          <params>
            <param index="0">
              <value>
                <![CDATA[edge]]>
              </value>
            </param>
          </params>
          <reporter-output>
          </reporter-output>
        </test-method> <!-- driverfile -->
        <test-method signature="mainLoginPage()[pri:0, instance:Test.MGLoginmain@2098d37d]" started-at="2025-05-18T19:59:46 GMT-05:00" name="mainLoginPage" finished-at="2025-05-18T19:59:47 GMT-05:00" duration-ms="465" status="PASS">
          <reporter-output>
          </reporter-output>
        </test-method> <!-- mainLoginPage -->
      </class> <!-- Test.MGLoginmain -->
    </test> <!-- Test -->
  </suite> <!-- Suite -->
</testng-results>
